2024-07-26 13:35:08,147 - INFO - CPU usage: 7.2%
2024-07-26 13:35:08,148 - WARNING - High memory usage detected: 82.2%
2024-07-26 13:35:08,149 - INFO - Total disk space: 1006.85 GB
2024-07-26 13:35:08,149 - INFO - Used disk space: 19.23 GB
2024-07-26 13:35:08,149 - INFO - Free disk space: 936.41 GB
2024-07-26 13:35:08,149 - INFO - Disk usage percentage: 2.0%
2024-07-26 13:35:08,149 - INFO - Disk usage percentage: 2.0%
2024-07-26 13:35:08,150 - INFO - Number of running processes: 159
2024-07-26 13:35:15,602 - INFO - CPU usage: 3.9%
2024-07-26 13:35:15,602 - WARNING - High memory usage detected: 82.1%
2024-07-26 13:35:15,603 - INFO - Total disk space: 1006.85 GB
2024-07-26 13:35:15,603 - INFO - Used disk space: 19.23 GB
2024-07-26 13:35:15,603 - INFO - Free disk space: 936.41 GB
2024-07-26 13:35:15,604 - INFO - Disk usage percentage: 2.0%
2024-07-26 13:35:15,604 - INFO - Disk usage percentage: 2.0%
2024-07-26 13:35:15,605 - INFO - Number of running processes: 159
2024-07-26 13:36:25,689 - INFO - CPU usage: 9.9%
2024-07-26 13:36:25,690 - WARNING - High memory usage detected: 82.5%
2024-07-26 13:36:25,690 - INFO - Total disk space: 1006.85 GB
2024-07-26 13:36:25,691 - INFO - Used disk space: 19.23 GB
2024-07-26 13:36:25,691 - INFO - Free disk space: 936.41 GB
2024-07-26 13:36:25,691 - INFO - Disk usage percentage: 2.0%
2024-07-26 13:36:25,691 - INFO - Disk usage percentage: 2.0%
2024-07-26 13:36:25,692 - INFO - Number of running processes: 159
